This is pdfTeX, Version 3.14159265-2.6-1.40.20 (TeX Live 2019) (preloaded format=pdflatex 2020.1.14)  6 DEC 2021 12:25
entering extended mode
 restricted \write18 enabled.
 %&-line parsing enabled.
**datadeliverysystem.tex
(./datadeliverysystem.tex
LaTeX2e <2018-12-01>
(./sphinxmanual.cls
Document Class: sphinxmanual 2019/12/01 v2.3.0 Document class (Sphinx manual)
(/usr/local/texlive/2019/texmf-dist/tex/latex/base/report.cls
Document Class: report 2018/09/03 v1.4i Standard LaTeX document class
(/usr/local/texlive/2019/texmf-dist/tex/latex/base/size10.clo
File: size10.clo 2018/09/03 v1.4i Standard LaTeX file (size option)
)
\c@part=\count80
\c@chapter=\count81
\c@section=\count82
\c@subsection=\count83
\c@subsubsection=\count84
\c@paragraph=\count85
\c@subparagraph=\count86
\c@figure=\count87
\c@table=\count88
\abovecaptionskip=\skip41
\belowcaptionskip=\skip42
\bibindent=\dimen102
)
LaTeX Info: Redefining \and on input line 35.
)
(/usr/local/texlive/2019/texmf-dist/tex/latex/base/inputenc.sty
Package: inputenc 2018/08/11 v1.3c Input encoding file
\inpenc@prehook=\toks14
\inpenc@posthook=\toks15
)
   defining Unicode char U+00A0 (decimal 160)
   defining Unicode char U+2500 (decimal 9472)
   defining Unicode char U+2502 (decimal 9474)
   defining Unicode char U+2514 (decimal 9492)
   defining Unicode char U+251C (decimal 9500)
   defining Unicode char U+2572 (decimal 9586)

(/usr/local/texlive/2019/texmf-dist/tex/latex/cmap/cmap.sty
Package: cmap 2008/03/06 v1.0h CMap support: searchable PDF
)
(/usr/local/texlive/2019/texmf-dist/tex/latex/base/fontenc.sty
Package: fontenc 2018/08/11 v2.0j Standard LaTeX package

(/usr/local/texlive/2019/texmf-dist/tex/latex/base/t1enc.def
File: t1enc.def 2018/08/11 v2.0j Standard LaTeX file
LaTeX Font Info:    Redeclaring font encoding T1 on input line 48.
)<<t1.cmap>>)
(/usr/local/texlive/2019/texmf-dist/tex/latex/amsmath/amsmath.sty
Package: amsmath 2018/12/01 v2.17b AMS math features
\@mathmargin=\skip43

For additional information on amsmath, use the `?' option.
(/usr/local/texlive/2019/texmf-dist/tex/latex/amsmath/amstext.sty
Package: amstext 2000/06/29 v2.01 AMS text

(/usr/local/texlive/2019/texmf-dist/tex/latex/amsmath/amsgen.sty
File: amsgen.sty 1999/11/30 v2.0 generic functions
\@emptytoks=\toks16
\ex@=\dimen103
))
(/usr/local/texlive/2019/texmf-dist/tex/latex/amsmath/amsbsy.sty
Package: amsbsy 1999/11/29 v1.2d Bold Symbols
\pmbraise@=\dimen104
)
(/usr/local/texlive/2019/texmf-dist/tex/latex/amsmath/amsopn.sty
Package: amsopn 2016/03/08 v2.02 operator names
)
\inf@bad=\count89
LaTeX Info: Redefining \frac on input line 223.
\uproot@=\count90
\leftroot@=\count91
LaTeX Info: Redefining \overline on input line 385.
\classnum@=\count92
\DOTSCASE@=\count93
LaTeX Info: Redefining \ldots on input line 482.
LaTeX Info: Redefining \dots on input line 485.
LaTeX Info: Redefining \cdots on input line 606.
\Mathstrutbox@=\box27
\strutbox@=\box28
\big@size=\dimen105
LaTeX Font Info:    Redeclaring font encoding OML on input line 729.
LaTeX Font Info:    Redeclaring font encoding OMS on input line 730.
\macc@depth=\count94
\c@MaxMatrixCols=\count95
\dotsspace@=\muskip10
\c@parentequation=\count96
\dspbrk@lvl=\count97
\tag@help=\toks17
\row@=\count98
\column@=\count99
\maxfields@=\count100
\andhelp@=\toks18
\eqnshift@=\dimen106
\alignsep@=\dimen107
\tagshift@=\dimen108
\tagwidth@=\dimen109
\totwidth@=\dimen110
\lineht@=\dimen111
\@envbody=\toks19
\multlinegap=\skip44
\multlinetaggap=\skip45
\mathdisplay@stack=\toks20
LaTeX Info: Redefining \[ on input line 2844.
LaTeX Info: Redefining \] on input line 2845.
)
(/usr/local/texlive/2019/texmf-dist/tex/latex/amsfonts/amssymb.sty
Package: amssymb 2013/01/14 v3.01 AMS font symbols

(/usr/local/texlive/2019/texmf-dist/tex/latex/amsfonts/amsfonts.sty
Package: amsfonts 2013/01/14 v3.01 Basic AMSFonts support
\symAMSa=\mathgroup4
\symAMSb=\mathgroup5
LaTeX Font Info:    Overwriting math alphabet `\mathfrak' in version `bold'
(Font)                  U/euf/m/n --> U/euf/b/n on input line 106.
))
(/usr/local/texlive/2019/texmf-dist/tex/generic/babel/babel.sty
Package: babel 2019/05/04 3.31 The Babel package

(/usr/local/texlive/2019/texmf-dist/tex/generic/babel/switch.def
File: switch.def 2019/05/04 3.31 Babel switching mechanism
)
(/usr/local/texlive/2019/texmf-dist/tex/generic/babel-english/english.ldf
Language: english 2017/06/06 v3.3r English support from the babel system

(/usr/local/texlive/2019/texmf-dist/tex/generic/babel/babel.def
File: babel.def 2019/05/04 3.31 Babel common definitions
\babel@savecnt=\count101
\U@D=\dimen112

(/usr/local/texlive/2019/texmf-dist/tex/generic/babel/txtbabel.def)
\bbl@dirlevel=\count102
)
\l@canadian = a dialect from \language\l@american 
\l@australian = a dialect from \language\l@british 
\l@newzealand = a dialect from \language\l@british 
))
(/usr/local/texlive/2019/texmf-dist/tex/latex/psnfss/times.sty
Package: times 2005/04/12 PSNFSS-v9.2a (SPQR) 
)
(/usr/local/texlive/2019/texmf-dist/tex/latex/fncychap/fncychap.sty
Package: fncychap 2007/07/30 v1.34 LaTeX package (Revised chapters)
\RW=\skip46
\mylen=\skip47
\myhi=\skip48
\px=\skip49
\py=\skip50
\pyy=\skip51
\pxx=\skip52
\c@AlphaCnt=\count103
\c@AlphaDecCnt=\count104
)
(./sphinx.sty
Package: sphinx 2021/01/23 v3.5.0 LaTeX package (Sphinx markup)

(/usr/local/texlive/2019/texmf-dist/tex/generic/oberdiek/ltxcmds.sty
Package: ltxcmds 2016/05/16 v1.23 LaTeX kernel commands for general use (HO)
)
(/usr/local/texlive/2019/texmf-dist/tex/latex/graphics/graphicx.sty
Package: graphicx 2017/06/01 v1.1a Enhanced LaTeX Graphics (DPC,SPQR)

(/usr/local/texlive/2019/texmf-dist/tex/latex/graphics/keyval.sty
Package: keyval 2014/10/28 v1.15 key=value parser (DPC)
\KV@toks@=\toks21
)
(/usr/local/texlive/2019/texmf-dist/tex/latex/graphics/graphics.sty
Package: graphics 2017/06/25 v1.2c Standard LaTeX Graphics (DPC,SPQR)

(/usr/local/texlive/2019/texmf-dist/tex/latex/graphics/trig.sty
Package: trig 2016/01/03 v1.10 sin cos tan (DPC)
)
(/usr/local/texlive/2019/texmf-dist/tex/latex/graphics-cfg/graphics.cfg
File: graphics.cfg 2016/06/04 v1.11 sample graphics configuration
)
Package graphics Info: Driver file: pdftex.def on input line 99.

(/usr/local/texlive/2019/texmf-dist/tex/latex/graphics-def/pdftex.def
File: pdftex.def 2018/01/08 v1.0l Graphics/color driver for pdftex
))
\Gin@req@height=\dimen113
\Gin@req@width=\dimen114
)
(/usr/local/texlive/2019/texmf-dist/tex/latex/fancyhdr/fancyhdr.sty
Package: fancyhdr 2019/01/31 v3.10 Extensive control of page headers and footer
s
\f@nch@headwidth=\skip53
\f@nch@O@elh=\skip54
\f@nch@O@erh=\skip55
\f@nch@O@olh=\skip56
\f@nch@O@orh=\skip57
\f@nch@O@elf=\skip58
\f@nch@O@erf=\skip59
\f@nch@O@olf=\skip60
\f@nch@O@orf=\skip61
)
(/usr/local/texlive/2019/texmf-dist/tex/latex/base/textcomp.sty
Package: textcomp 2018/08/11 v2.0j Standard LaTeX package
Package textcomp Info: Sub-encoding information:
(textcomp)               5 = only ISO-Adobe without \textcurrency
(textcomp)               4 = 5 + \texteuro
(textcomp)               3 = 4 + \textohm
(textcomp)               2 = 3 + \textestimated + \textcurrency
(textcomp)               1 = TS1 - \textcircled - \t
(textcomp)               0 = TS1 (full)
(textcomp)             Font families with sub-encoding setting implement
(textcomp)             only a restricted character set as indicated.
(textcomp)             Family '?' is the default used for unknown fonts.
(textcomp)             See the documentation for details.
Package textcomp Info: Setting ? sub-encoding to TS1/1 on input line 79.

(/usr/local/texlive/2019/texmf-dist/tex/latex/base/ts1enc.def
File: ts1enc.def 2001/06/05 v3.0e (jk/car/fm) Standard LaTeX file
Now handling font encoding TS1 ...
... processing UTF-8 mapping file for font encoding TS1

(/usr/local/texlive/2019/texmf-dist/tex/latex/base/ts1enc.dfu
File: ts1enc.dfu 2018/10/05 v1.2f UTF-8 support for inputenc
   defining Unicode char U+00A2 (decimal 162)
   defining Unicode char U+00A3 (decimal 163)
   defining Unicode char U+00A4 (decimal 164)
   defining Unicode char U+00A5 (decimal 165)
   defining Unicode char U+00A6 (decimal 166)
   defining Unicode char U+00A7 (decimal 167)
   defining Unicode char U+00A8 (decimal 168)
   defining Unicode char U+00A9 (decimal 169)
   defining Unicode char U+00AA (decimal 170)
   defining Unicode char U+00AC (decimal 172)
   defining Unicode char U+00AE (decimal 174)
   defining Unicode char U+00AF (decimal 175)
   defining Unicode char U+00B0 (decimal 176)
   defining Unicode char U+00B1 (decimal 177)
   defining Unicode char U+00B2 (decimal 178)
   defining Unicode char U+00B3 (decimal 179)
   defining Unicode char U+00B4 (decimal 180)
   defining Unicode char U+00B5 (decimal 181)
   defining Unicode char U+00B6 (decimal 182)
   defining Unicode char U+00B7 (decimal 183)
   defining Unicode char U+00B9 (decimal 185)
   defining Unicode char U+00BA (decimal 186)
   defining Unicode char U+00BC (decimal 188)
   defining Unicode char U+00BD (decimal 189)
   defining Unicode char U+00BE (decimal 190)
   defining Unicode char U+00D7 (decimal 215)
   defining Unicode char U+00F7 (decimal 247)
   defining Unicode char U+0192 (decimal 402)
   defining Unicode char U+02C7 (decimal 711)
   defining Unicode char U+02D8 (decimal 728)
   defining Unicode char U+02DD (decimal 733)
   defining Unicode char U+0E3F (decimal 3647)
   defining Unicode char U+2016 (decimal 8214)
   defining Unicode char U+2020 (decimal 8224)
   defining Unicode char U+2021 (decimal 8225)
   defining Unicode char U+2022 (decimal 8226)
   defining Unicode char U+2030 (decimal 8240)
   defining Unicode char U+2031 (decimal 8241)
   defining Unicode char U+203B (decimal 8251)
   defining Unicode char U+203D (decimal 8253)
   defining Unicode char U+2044 (decimal 8260)
   defining Unicode char U+204E (decimal 8270)
   defining Unicode char U+2052 (decimal 8274)
   defining Unicode char U+20A1 (decimal 8353)
   defining Unicode char U+20A4 (decimal 8356)
   defining Unicode char U+20A6 (decimal 8358)
   defining Unicode char U+20A9 (decimal 8361)
   defining Unicode char U+20AB (decimal 8363)
   defining Unicode char U+20AC (decimal 8364)
   defining Unicode char U+20B1 (decimal 8369)
   defining Unicode char U+2103 (decimal 8451)
   defining Unicode char U+2116 (decimal 8470)
   defining Unicode char U+2117 (decimal 8471)
   defining Unicode char U+211E (decimal 8478)
   defining Unicode char U+2120 (decimal 8480)
   defining Unicode char U+2122 (decimal 8482)
   defining Unicode char U+2126 (decimal 8486)
   defining Unicode char U+2127 (decimal 8487)
   defining Unicode char U+212E (decimal 8494)
   defining Unicode char U+2190 (decimal 8592)
   defining Unicode char U+2191 (decimal 8593)
   defining Unicode char U+2192 (decimal 8594)
   defining Unicode char U+2193 (decimal 8595)
   defining Unicode char U+2329 (decimal 9001)
   defining Unicode char U+232A (decimal 9002)
   defining Unicode char U+2422 (decimal 9250)
   defining Unicode char U+25E6 (decimal 9702)
   defining Unicode char U+25EF (decimal 9711)
   defining Unicode char U+266A (decimal 9834)
   defining Unicode char U+FEFF (decimal 65279)
))
LaTeX Info: Redefining \oldstylenums on input line 334.
Package textcomp Info: Setting cmr sub-encoding to TS1/0 on input line 349.
Package textcomp Info: Setting cmss sub-encoding to TS1/0 on input line 350.
Package textcomp Info: Setting cmtt sub-encoding to TS1/0 on input line 351.
Package textcomp Info: Setting cmvtt sub-encoding to TS1/0 on input line 352.
Package textcomp Info: Setting cmbr sub-encoding to TS1/0 on input line 353.
Package textcomp Info: Setting cmtl sub-encoding to TS1/0 on input line 354.
Package textcomp Info: Setting ccr sub-encoding to TS1/0 on input line 355.
Package textcomp Info: Setting ptm sub-encoding to TS1/4 on input line 356.
Package textcomp Info: Setting pcr sub-encoding to TS1/4 on input line 357.
Package textcomp Info: Setting phv sub-encoding to TS1/4 on input line 358.
Package textcomp Info: Setting ppl sub-encoding to TS1/3 on input line 359.
Package textcomp Info: Setting pag sub-encoding to TS1/4 on input line 360.
Package textcomp Info: Setting pbk sub-encoding to TS1/4 on input line 361.
Package textcomp Info: Setting pnc sub-encoding to TS1/4 on input line 362.
Package textcomp Info: Setting pzc sub-encoding to TS1/4 on input line 363.
Package textcomp Info: Setting bch sub-encoding to TS1/4 on input line 364.
Package textcomp Info: Setting put sub-encoding to TS1/5 on input line 365.
Package textcomp Info: Setting uag sub-encoding to TS1/5 on input line 366.
Package textcomp Info: Setting ugq sub-encoding to TS1/5 on input line 367.
Package textcomp Info: Setting ul8 sub-encoding to TS1/4 on input line 368.
Package textcomp Info: Setting ul9 sub-encoding to TS1/4 on input line 369.
Package textcomp Info: Setting augie sub-encoding to TS1/5 on input line 370.
Package textcomp Info: Setting dayrom sub-encoding to TS1/3 on input line 371.
Package textcomp Info: Setting dayroms sub-encoding to TS1/3 on input line 372.

Package textcomp Info: Setting pxr sub-encoding to TS1/0 on input line 373.
Package textcomp Info: Setting pxss sub-encoding to TS1/0 on input line 374.
Package textcomp Info: Setting pxtt sub-encoding to TS1/0 on input line 375.
Package textcomp Info: Setting txr sub-encoding to TS1/0 on input line 376.
Package textcomp Info: Setting txss sub-encoding to TS1/0 on input line 377.
Package textcomp Info: Setting txtt sub-encoding to TS1/0 on input line 378.
Package textcomp Info: Setting lmr sub-encoding to TS1/0 on input line 379.
Package textcomp Info: Setting lmdh sub-encoding to TS1/0 on input line 380.
Package textcomp Info: Setting lmss sub-encoding to TS1/0 on input line 381.
Package textcomp Info: Setting lmssq sub-encoding to TS1/0 on input line 382.
Package textcomp Info: Setting lmvtt sub-encoding to TS1/0 on input line 383.
Package textcomp Info: Setting lmtt sub-encoding to TS1/0 on input line 384.
Package textcomp Info: Setting qhv sub-encoding to TS1/0 on input line 385.
Package textcomp Info: Setting qag sub-encoding to TS1/0 on input line 386.
Package textcomp Info: Setting qbk sub-encoding to TS1/0 on input line 387.
Package textcomp Info: Setting qcr sub-encoding to TS1/0 on input line 388.
Package textcomp Info: Setting qcs sub-encoding to TS1/0 on input line 389.
Package textcomp Info: Setting qpl sub-encoding to TS1/0 on input line 390.
Package textcomp Info: Setting qtm sub-encoding to TS1/0 on input line 391.
Package textcomp Info: Setting qzc sub-encoding to TS1/0 on input line 392.
Package textcomp Info: Setting qhvc sub-encoding to TS1/0 on input line 393.
Package textcomp Info: Setting futs sub-encoding to TS1/4 on input line 394.
Package textcomp Info: Setting futx sub-encoding to TS1/4 on input line 395.
Package textcomp Info: Setting futj sub-encoding to TS1/4 on input line 396.
Package textcomp Info: Setting hlh sub-encoding to TS1/3 on input line 397.
Package textcomp Info: Setting hls sub-encoding to TS1/3 on input line 398.
Package textcomp Info: Setting hlst sub-encoding to TS1/3 on input line 399.
Package textcomp Info: Setting hlct sub-encoding to TS1/5 on input line 400.
Package textcomp Info: Setting hlx sub-encoding to TS1/5 on input line 401.
Package textcomp Info: Setting hlce sub-encoding to TS1/5 on input line 402.
Package textcomp Info: Setting hlcn sub-encoding to TS1/5 on input line 403.
Package textcomp Info: Setting hlcw sub-encoding to TS1/5 on input line 404.
Package textcomp Info: Setting hlcf sub-encoding to TS1/5 on input line 405.
Package textcomp Info: Setting pplx sub-encoding to TS1/3 on input line 406.
Package textcomp Info: Setting pplj sub-encoding to TS1/3 on input line 407.
Package textcomp Info: Setting ptmx sub-encoding to TS1/4 on input line 408.
Package textcomp Info: Setting ptmj sub-encoding to TS1/4 on input line 409.
)
(/usr/local/texlive/2019/texmf-dist/tex/latex/titlesec/titlesec.sty
Package: titlesec 2016/03/21 v2.10.2 Sectioning titles
\ttl@box=\box29
\beforetitleunit=\skip62
\aftertitleunit=\skip63
\ttl@plus=\dimen115
\ttl@minus=\dimen116
\ttl@toksa=\toks22
\titlewidth=\dimen117
\titlewidthlast=\dimen118
\titlewidthfirst=\dimen119
)
(/usr/local/texlive/2019/texmf-dist/tex/latex/tabulary/tabulary.sty
Package: tabulary 2014/06/11 v0.10 tabulary package (DPC)

(/usr/local/texlive/2019/texmf-dist/tex/latex/tools/array.sty
Package: array 2018/12/30 v2.4k Tabular extension package (FMi)
\col@sep=\dimen120
\ar@mcellbox=\box30
\extrarowheight=\dimen121
\NC@list=\toks23
\extratabsurround=\skip64
\backup@length=\skip65
\ar@cellbox=\box31
)
\TY@count=\count105
\TY@linewidth=\dimen122
\tymin=\dimen123
\tymax=\dimen124
\TY@tablewidth=\dimen125
)
(/usr/local/texlive/2019/texmf-dist/tex/latex/tools/longtable.sty
Package: longtable 2014/10/28 v4.11 Multi-page Table package (DPC)+ FMi change
\LTleft=\skip66
\LTright=\skip67
\LTpre=\skip68
\LTpost=\skip69
\LTchunksize=\count106
\LTcapwidth=\dimen126
\LT@head=\box32
\LT@firsthead=\box33
\LT@foot=\box34
\LT@lastfoot=\box35
\LT@cols=\count107
\LT@rows=\count108
\c@LT@tables=\count109
\c@LT@chunks=\count110
\LT@p@ftn=\toks24
)
(/usr/local/texlive/2019/texmf-dist/tex/latex/varwidth/varwidth.sty
Package: varwidth 2009/03/30 ver 0.92;  Variable-width minipages
\@vwid@box=\box36
\sift@deathcycles=\count111
\@vwid@loff=\dimen127
\@vwid@roff=\dimen128
)
(./sphinxmulticell.sty
Package: sphinxmulticell 2017/02/23 v1.6 better span rows and columns of a tabl
e (Sphinx team)
\sphinx@TY@tablewidth=\dimen129
)
(/usr/local/texlive/2019/texmf-dist/tex/latex/base/makeidx.sty
Package: makeidx 2014/09/29 v1.0m Standard LaTeX package
)
(/usr/local/texlive/2019/texmf-dist/tex/latex/framed/framed.sty
Package: framed 2011/10/22 v 0.96: framed or shaded text with page breaks
\OuterFrameSep=\skip70
\fb@frw=\dimen130
\fb@frh=\dimen131
\FrameRule=\dimen132
\FrameSep=\dimen133
)
(/usr/local/texlive/2019/texmf-dist/tex/latex/xcolor/xcolor.sty
Package: xcolor 2016/05/11 v2.12 LaTeX color extensions (UK)

(/usr/local/texlive/2019/texmf-dist/tex/latex/graphics-cfg/color.cfg
File: color.cfg 2016/01/02 v1.6 sample color configuration
)
Package xcolor Info: Driver file: pdftex.def on input line 225.
Package xcolor Info: Model `cmy' substituted by `cmy0' on input line 1348.
Package xcolor Info: Model `hsb' substituted by `rgb' on input line 1352.
Package xcolor Info: Model `RGB' extended on input line 1364.
Package xcolor Info: Model `HTML' substituted by `rgb' on input line 1366.
Package xcolor Info: Model `Hsb' substituted by `hsb' on input line 1367.
Package xcolor Info: Model `tHsb' substituted by `hsb' on input line 1368.
Package xcolor Info: Model `HSB' substituted by `hsb' on input line 1369.
Package xcolor Info: Model `Gray' substituted by `gray' on input line 1370.
Package xcolor Info: Model `wave' substituted by `hsb' on input line 1371.
)
(/usr/local/texlive/2019/texmf-dist/tex/latex/fancyvrb/fancyvrb.sty
Package: fancyvrb 2019/01/15

Style option: `fancyvrb' v3.2a <2019/01/15> (tvz)
\FV@CodeLineNo=\count112
\FV@InFile=\read1
\FV@TabBox=\box37
\c@FancyVerbLine=\count113
\FV@StepNumber=\count114
\FV@OutFile=\write3
) (./footnotehyper-sphinx.sty
Package: footnotehyper-sphinx 2021/02/04 v1.1d hyperref aware footnote.sty for 
sphinx (JFB)
\FNH@notes=\box38
\FNH@toks=\toks25
\FNH@width=\dimen134
) (/usr/local/texlive/2019/texmf-dist/tex/latex/float/float.sty
Package: float 2001/11/08 v1.3d Float enhancements (AL)
\c@float@type=\count115
\float@exts=\toks26
\float@box=\box39
\@float@everytoks=\toks27
\@floatcapt=\box40
)
(/usr/local/texlive/2019/texmf-dist/tex/latex/wrapfig/wrapfig.sty
\wrapoverhang=\dimen135
\WF@size=\dimen136
\c@WF@wrappedlines=\count116
\WF@box=\box41
\WF@everypar=\toks28
Package: wrapfig 2003/01/31  v 3.6
)
(/usr/local/texlive/2019/texmf-dist/tex/latex/parskip/parskip.sty
Rollback for package 'parskip' requested -> version 'v1'.
         This corresponds to the release introduced on 2001-04-09.

(/usr/local/texlive/2019/texmf-dist/tex/latex/parskip/parskip-2001-04-09.sty
Package: parskip 2001/04/09 non-zero parskip adjustments
))
(/usr/local/texlive/2019/texmf-dist/tex/latex/base/alltt.sty
Package: alltt 1997/06/16 v2.0g defines alltt environment
)
(/usr/local/texlive/2019/texmf-dist/tex/latex/upquote/upquote.sty
Package: upquote 2012/04/19 v1.3 upright-quote and grave-accent glyphs in verba
tim
)
(/usr/local/texlive/2019/texmf-dist/tex/latex/capt-of/capt-of.sty
Package: capt-of 2009/12/29 v0.2 standard captions outside of floats
)
(/usr/local/texlive/2019/texmf-dist/tex/latex/needspace/needspace.sty
Package: needspace 2010/09/12 v1.3d reserve vertical space
)
(/usr/local/texlive/2019/texmf-dist/tex/latex/tools/multicol.sty
Package: multicol 2018/12/27 v1.8v multicolumn formatting (FMi)
\c@tracingmulticols=\count117
\mult@box=\box42
\multicol@leftmargin=\dimen137
\c@unbalance=\count118
\c@collectmore=\count119
\doublecol@number=\count120
\multicoltolerance=\count121
\multicolpretolerance=\count122
\full@width=\dimen138
\page@free=\dimen139
\premulticols=\dimen140
\postmulticols=\dimen141
\multicolsep=\skip71
\multicolbaselineskip=\skip72
\partial@page=\box43
\last@line=\box44
\maxbalancingoverflow=\dimen142
\mult@rightbox=\box45
\mult@grightbox=\box46
\mult@gfirstbox=\box47
\mult@firstbox=\box48
\@tempa=\box49
\@tempa=\box50
\@tempa=\box51
\@tempa=\box52
\@tempa=\box53
\@tempa=\box54
\@tempa=\box55
\@tempa=\box56
\@tempa=\box57
\@tempa=\box58
\@tempa=\box59
\@tempa=\box60
\@tempa=\box61
\@tempa=\box62
\@tempa=\box63
\@tempa=\box64
\@tempa=\box65
\c@columnbadness=\count123
\c@finalcolumnbadness=\count124
\last@try=\dimen143
\multicolovershoot=\dimen144
\multicolundershoot=\dimen145
\mult@nat@firstbox=\box66
\colbreak@box=\box67
\mc@col@check@num=\count125
)
(./sphinxhighlight.sty
Package: sphinxhighlight 2016/05/29 stylesheet for highlighting with pygments
)
(/usr/local/texlive/2019/texmf-dist/tex/latex/oberdiek/kvoptions.sty
Package: kvoptions 2016/05/16 v3.12 Key value format for package options (HO)

(/usr/local/texlive/2019/texmf-dist/tex/generic/oberdiek/kvsetkeys.sty
Package: kvsetkeys 2016/05/16 v1.17 Key value parser (HO)

(/usr/local/texlive/2019/texmf-dist/tex/generic/oberdiek/infwarerr.sty
Package: infwarerr 2016/05/16 v1.4 Providing info/warning/error messages (HO)
)
(/usr/local/texlive/2019/texmf-dist/tex/generic/oberdiek/etexcmds.sty
Package: etexcmds 2016/05/16 v1.6 Avoid name clashes with e-TeX commands (HO)

(/usr/local/texlive/2019/texmf-dist/tex/generic/oberdiek/ifluatex.sty
Package: ifluatex 2016/05/16 v1.4 Provides the ifluatex switch (HO)
Package ifluatex Info: LuaTeX not detected.
))))
\sphinxverbatimsep=\dimen146
\sphinxverbatimborder=\dimen147
\sphinxshadowsep=\dimen148
\sphinxshadowsize=\dimen149
\sphinxshadowrule=\dimen150
\spx@notice@border=\dimen151
\spx@image@maxheight=\dimen152
\spx@image@box=\box68
\c@sphinxscope=\count126
\c@sphinxexplicit=\count127
\sphinxcontinuationbox=\box69
\sphinxvisiblespacebox=\box70
\sphinxVerbatim@TitleBox=\box71
\sphinxVerbatim@ContentsBox=\box72
\spx@scratchbox=\box73
\py@argswidth=\skip73
\lineblockindentation=\skip74
\DUlineblockindent=\skip75
)
(/usr/local/texlive/2019/texmf-dist/tex/latex/geometry/geometry.sty
Package: geometry 2018/04/16 v5.8 Page Geometry

(/usr/local/texlive/2019/texmf-dist/tex/generic/oberdiek/ifpdf.sty
Package: ifpdf 2018/09/07 v3.3 Provides the ifpdf switch
)
(/usr/local/texlive/2019/texmf-dist/tex/generic/oberdiek/ifvtex.sty
Package: ifvtex 2016/05/16 v1.6 Detect VTeX and its facilities (HO)
Package ifvtex Info: VTeX not detected.
)
(/usr/local/texlive/2019/texmf-dist/tex/generic/ifxetex/ifxetex.sty
Package: ifxetex 2010/09/12 v0.6 Provides ifxetex conditional
)
\Gm@cnth=\count128
\Gm@cntv=\count129
\c@Gm@tempcnt=\count130
\Gm@bindingoffset=\dimen153
\Gm@wd@mp=\dimen154
\Gm@odd@mp=\dimen155
\Gm@even@mp=\dimen156
\Gm@layoutwidth=\dimen157
\Gm@layoutheight=\dimen158
\Gm@layouthoffset=\dimen159
\Gm@layoutvoffset=\dimen160
\Gm@dimlist=\toks29
)
(/usr/local/texlive/2019/texmf-dist/tex/latex/hyperref/hyperref.sty
Package: hyperref 2018/11/30 v6.88e Hypertext links for LaTeX

(/usr/local/texlive/2019/texmf-dist/tex/generic/oberdiek/hobsub-hyperref.sty
Package: hobsub-hyperref 2016/05/16 v1.14 Bundle oberdiek, subset hyperref (HO)


(/usr/local/texlive/2019/texmf-dist/tex/generic/oberdiek/hobsub-generic.sty
Package: hobsub-generic 2016/05/16 v1.14 Bundle oberdiek, subset generic (HO)
Package: hobsub 2016/05/16 v1.14 Construct package bundles (HO)
Package hobsub Info: Skipping package `infwarerr' (already loaded).
Package hobsub Info: Skipping package `ltxcmds' (already loaded).
Package hobsub Info: Skipping package `ifluatex' (already loaded).
Package hobsub Info: Skipping package `ifvtex' (already loaded).
Package: intcalc 2016/05/16 v1.2 Expandable calculations with integers (HO)
Package hobsub Info: Skipping package `ifpdf' (already loaded).
Package hobsub Info: Skipping package `etexcmds' (already loaded).
Package hobsub Info: Skipping package `kvsetkeys' (already loaded).
Package: kvdefinekeys 2016/05/16 v1.4 Define keys (HO)
Package: pdftexcmds 2018/09/10 v0.29 Utility functions of pdfTeX for LuaTeX (HO
)
Package pdftexcmds Info: LuaTeX not detected.
Package pdftexcmds Info: \pdf@primitive is available.
Package pdftexcmds Info: \pdf@ifprimitive is available.
Package pdftexcmds Info: \pdfdraftmode found.
Package: pdfescape 2016/05/16 v1.14 Implements pdfTeX's escape features (HO)
Package: bigintcalc 2016/05/16 v1.4 Expandable calculations on big integers (HO
)
Package: bitset 2016/05/16 v1.2 Handle bit-vector datatype (HO)
Package: uniquecounter 2016/05/16 v1.3 Provide unlimited unique counter (HO)
)
Package hobsub Info: Skipping package `hobsub' (already loaded).
Package: letltxmacro 2016/05/16 v1.5 Let assignment for LaTeX macros (HO)
Package: hopatch 2016/05/16 v1.3 Wrapper for package hooks (HO)
Package: xcolor-patch 2016/05/16 xcolor patch
Package: atveryend 2016/05/16 v1.9 Hooks at the very end of document (HO)
Package atveryend Info: \enddocument detected (standard20110627).
Package: atbegshi 2016/06/09 v1.18 At begin shipout hook (HO)
Package: refcount 2016/05/16 v3.5 Data extraction from label references (HO)
Package: hycolor 2016/05/16 v1.8 Color options for hyperref/bookmark (HO)
)
(/usr/local/texlive/2019/texmf-dist/tex/latex/oberdiek/auxhook.sty
Package: auxhook 2016/05/16 v1.4 Hooks for auxiliary files (HO)
)
\@linkdim=\dimen161
\Hy@linkcounter=\count131
\Hy@pagecounter=\count132

(/usr/local/texlive/2019/texmf-dist/tex/latex/hyperref/pd1enc.def
File: pd1enc.def 2018/11/30 v6.88e Hyperref: PDFDocEncoding definition (HO)
Now handling font encoding PD1 ...
... no UTF-8 mapping file for font encoding PD1
)
\Hy@SavedSpaceFactor=\count133

(/usr/local/texlive/2019/texmf-dist/tex/latex/latexconfig/hyperref.cfg
File: hyperref.cfg 2002/06/06 v1.2 hyperref configuration of TeXLive
)
Package hyperref Info: Option `unicode' set `true' on input line 4393.

(/usr/local/texlive/2019/texmf-dist/tex/latex/hyperref/puenc.def
File: puenc.def 2018/11/30 v6.88e Hyperref: PDF Unicode definition (HO)
Now handling font encoding PU ...
... no UTF-8 mapping file for font encoding PU
)
Package hyperref Info: Option `colorlinks' set `true' on input line 4393.
Package hyperref Info: Option `breaklinks' set `true' on input line 4393.
Package hyperref Info: Hyper figures OFF on input line 4519.
Package hyperref Info: Link nesting OFF on input line 4524.
Package hyperref Info: Hyper index ON on input line 4527.
Package hyperref Info: Plain pages OFF on input line 4534.
Package hyperref Info: Backreferencing OFF on input line 4539.
Package hyperref Info: Implicit mode ON; LaTeX internals redefined.
Package hyperref Info: Bookmarks ON on input line 4772.
\c@Hy@tempcnt=\count134

(/usr/local/texlive/2019/texmf-dist/tex/latex/url/url.sty
\Urlmuskip=\muskip11
Package: url 2013/09/16  ver 3.4  Verb mode for urls, etc.
)
LaTeX Info: Redefining \url on input line 5125.
\XeTeXLinkMargin=\dimen162
\Fld@menulength=\count135
\Field@Width=\dimen163
\Fld@charsize=\dimen164
Package hyperref Info: Hyper figures OFF on input line 6380.
Package hyperref Info: Link nesting OFF on input line 6385.
Package hyperref Info: Hyper index ON on input line 6388.
Package hyperref Info: backreferencing OFF on input line 6395.
Package hyperref Info: Link coloring ON on input line 6398.
Package hyperref Info: Link coloring with OCG OFF on input line 6405.
Package hyperref Info: PDF/A mode OFF on input line 6410.
LaTeX Info: Redefining \ref on input line 6450.
LaTeX Info: Redefining \pageref on input line 6454.
\Hy@abspage=\count136
\c@Item=\count137
\c@Hfootnote=\count138
)
Package hyperref Info: Driver (autodetected): hpdftex.

(/usr/local/texlive/2019/texmf-dist/tex/latex/hyperref/hpdftex.def
File: hpdftex.def 2018/11/30 v6.88e Hyperref driver for pdfTeX
\Fld@listcount=\count139
\c@bookmark@seq@number=\count140

(/usr/local/texlive/2019/texmf-dist/tex/latex/oberdiek/rerunfilecheck.sty
Package: rerunfilecheck 2016/05/16 v1.8 Rerun checks for auxiliary files (HO)
Package uniquecounter Info: New unique counter `rerunfilecheck' on input line 2
82.
)
\Hy@SectionHShift=\skip76
)
(/usr/local/texlive/2019/texmf-dist/tex/latex/oberdiek/hypcap.sty
Package: hypcap 2016/05/16 v1.12 Adjusting the anchors of captions (HO)
)
(./sphinxmessages.sty
Package: sphinxmessages 2019/01/04 v2.0 Localized LaTeX macros (Sphinx team)
)
\@indexfile=\write4
\openout4 = `datadeliverysystem.idx'.


Writing index file datadeliverysystem.idx
(./datadeliverysystem.aux)
\openout1 = `datadeliverysystem.aux'.

LaTeX Font Info:    Checking defaults for OML/cmm/m/it on input line 82.
LaTeX Font Info:    ... okay on input line 82.
LaTeX Font Info:    Checking defaults for T1/cmr/m/n on input line 82.
LaTeX Font Info:    ... okay on input line 82.
LaTeX Font Info:    Checking defaults for OT1/cmr/m/n on input line 82.
LaTeX Font Info:    ... okay on input line 82.
LaTeX Font Info:    Checking defaults for OMS/cmsy/m/n on input line 82.
LaTeX Font Info:    ... okay on input line 82.
LaTeX Font Info:    Checking defaults for OMX/cmex/m/n on input line 82.
LaTeX Font Info:    ... okay on input line 82.
LaTeX Font Info:    Checking defaults for U/cmr/m/n on input line 82.
LaTeX Font Info:    ... okay on input line 82.
LaTeX Font Info:    Checking defaults for TS1/cmr/m/n on input line 82.
LaTeX Font Info:    Try loading font information for TS1+cmr on input line 82.

(/usr/local/texlive/2019/texmf-dist/tex/latex/base/ts1cmr.fd
File: ts1cmr.fd 2014/09/29 v2.5h Standard LaTeX font definitions
)
LaTeX Font Info:    ... okay on input line 82.
LaTeX Font Info:    Checking defaults for PD1/pdf/m/n on input line 82.
LaTeX Font Info:    ... okay on input line 82.
LaTeX Font Info:    Checking defaults for PU/pdf/m/n on input line 82.
LaTeX Font Info:    ... okay on input line 82.
LaTeX Font Info:    Try loading font information for T1+ptm on input line 82.

(/usr/local/texlive/2019/texmf-dist/tex/latex/psnfss/t1ptm.fd
File: t1ptm.fd 2001/06/04 font definitions for T1/ptm.
)
(/usr/local/texlive/2019/texmf-dist/tex/context/base/mkii/supp-pdf.mkii
[Loading MPS to PDF converter (version 2006.09.02).]
\scratchcounter=\count141
\scratchdimen=\dimen165
\scratchbox=\box74
\nofMPsegments=\count142
\nofMParguments=\count143
\everyMPshowfont=\toks30
\MPscratchCnt=\count144
\MPscratchDim=\dimen166
\MPnumerator=\count145
\makeMPintoPDFobject=\count146
\everyMPtoPDFconversion=\toks31
) (/usr/local/texlive/2019/texmf-dist/tex/latex/oberdiek/epstopdf-base.sty
Package: epstopdf-base 2016/05/15 v2.6 Base part for package epstopdf

(/usr/local/texlive/2019/texmf-dist/tex/latex/oberdiek/grfext.sty
Package: grfext 2016/05/16 v1.2 Manage graphics extensions (HO)
)
Package epstopdf-base Info: Redefining graphics rule for `.eps' on input line 4
38.
Package grfext Info: Graphics extension search list:
(grfext)             [.pdf,.png,.jpg,.mps,.jpeg,.jbig2,.jb2,.PDF,.PNG,.JPG,.JPE
G,.JBIG2,.JB2,.eps]
(grfext)             \AppendGraphicsExtensions on input line 456.

(/usr/local/texlive/2019/texmf-dist/tex/latex/latexconfig/epstopdf-sys.cfg
File: epstopdf-sys.cfg 2010/07/13 v1.3 Configuration of (r)epstopdf for TeX Liv
e
))
\c@literalblock=\count147

*geometry* driver: auto-detecting
*geometry* detected driver: pdftex
*geometry* verbose mode - [ preamble ] result:
* driver: pdftex
* paper: letterpaper
* layout: <same size as paper>
* layoutoffset:(h,v)=(0.0pt,0.0pt)
* modes: twoside 
* h-part:(L,W,R)=(72.26999pt, 469.75502pt, 72.26999pt)
* v-part:(T,H,B)=(72.26999pt, 650.43001pt, 72.26999pt)
* \paperwidth=614.295pt
* \paperheight=794.96999pt
* \textwidth=469.75502pt
* \textheight=650.43001pt
* \oddsidemargin=0.0pt
* \evensidemargin=0.0pt
* \topmargin=-37.0pt
* \headheight=12.0pt
* \headsep=25.0pt
* \topskip=10.0pt
* \footskip=30.0pt
* \marginparwidth=36.135pt
* \marginparsep=11.0pt
* \columnsep=10.0pt
* \skip\footins=9.0pt plus 4.0pt minus 2.0pt
* \hoffset=0.0pt
* \voffset=0.0pt
* \mag=1000
* \@twocolumnfalse
* \@twosidetrue
* \@mparswitchtrue
* \@reversemarginfalse
* (1in=72.27pt=25.4mm, 1cm=28.453pt)

\AtBeginShipoutBox=\box75
Package hyperref Info: Link coloring ON on input line 82.
(/usr/local/texlive/2019/texmf-dist/tex/latex/hyperref/nameref.sty
Package: nameref 2016/05/21 v2.44 Cross-referencing by name of section

(/usr/local/texlive/2019/texmf-dist/tex/generic/oberdiek/gettitlestring.sty
Package: gettitlestring 2016/05/16 v1.5 Cleanup title references (HO)
)
\c@section@level=\count148
)
LaTeX Info: Redefining \ref on input line 82.
LaTeX Info: Redefining \pageref on input line 82.
LaTeX Info: Redefining \nameref on input line 82.

(./datadeliverysystem.out) (./datadeliverysystem.out)
\@outlinefile=\write5
\openout5 = `datadeliverysystem.out'.

Package hyperref Info: Option `pageanchor' set `false' on input line 85.
LaTeX Font Info:    Try loading font information for T1+phv on input line 85.

(/usr/local/texlive/2019/texmf-dist/tex/latex/psnfss/t1phv.fd
File: t1phv.fd 2001/06/04 scalable font definitions for T1/phv.
)
LaTeX Font Info:    Font shape `T1/phv/bx/n' in size <10> not available
(Font)              Font shape `T1/phv/b/n' tried instead on input line 85.
LaTeX Font Info:    Font shape `T1/phv/bx/n' in size <24.88> not available
(Font)              Font shape `T1/phv/b/n' tried instead on input line 85.
LaTeX Font Info:    Font shape `T1/phv/bx/it' in size <10> not available
(Font)              Font shape `T1/phv/b/it' tried instead on input line 85.
LaTeX Font Info:    Font shape `T1/phv/b/it' in size <10> not available
(Font)              Font shape `T1/phv/b/sl' tried instead on input line 85.
LaTeX Font Info:    Font shape `T1/phv/bx/it' in size <17.28> not available
(Font)              Font shape `T1/phv/b/it' tried instead on input line 85.
LaTeX Font Info:    Font shape `T1/phv/b/it' in size <17.28> not available
(Font)              Font shape `T1/phv/b/sl' tried instead on input line 85.
LaTeX Font Info:    Font shape `T1/phv/bx/n' in size <17.28> not available
(Font)              Font shape `T1/phv/b/n' tried instead on input line 85.
<<ot1.cmap>><<oml.cmap>><<oms.cmap>><<omx.cmap>>
LaTeX Font Info:    Try loading font information for U+msa on input line 85.

(/usr/local/texlive/2019/texmf-dist/tex/latex/amsfonts/umsa.fd
File: umsa.fd 2013/01/14 v3.01 AMS symbols A
)
LaTeX Font Info:    Try loading font information for U+msb on input line 85.

(/usr/local/texlive/2019/texmf-dist/tex/latex/amsfonts/umsb.fd
File: umsb.fd 2013/01/14 v3.01 AMS symbols B
)
LaTeX Font Info:    Font shape `T1/phv/bx/n' in size <12> not available
(Font)              Font shape `T1/phv/b/n' tried instead on input line 85.
 [1

{/usr/local/texlive/2019/texmf-var/fonts/map/pdftex/updmap/pdftex.map}] [2


]
LaTeX Font Info:    Font shape `T1/phv/bx/n' in size <14.4> not available
(Font)              Font shape `T1/phv/b/n' tried instead on input line 87.

(./datadeliverysystem.toc
LaTeX Font Info:    Font shape `T1/ptm/bx/n' in size <10> not available
(Font)              Font shape `T1/ptm/b/n' tried instead on input line 2.
)
\tf@toc=\write6
\openout6 = `datadeliverysystem.toc'.

 [1

] [2

] [1] [2

]
Chapter 1.
LaTeX Font Info:    Try loading font information for T1+pcr on input line 104.
(/usr/local/texlive/2019/texmf-dist/tex/latex/psnfss/t1pcr.fd
File: t1pcr.fd 2001/06/04 font definitions for T1/pcr.
)
LaTeX Font Info:    Font shape `T1/pcr/bx/n' in size <9> not available
(Font)              Font shape `T1/pcr/b/n' tried instead on input line 105.
LaTeX Font Info:    Font shape `T1/pcr/bx/n' in size <10> not available
(Font)              Font shape `T1/pcr/b/n' tried instead on input line 127.
 [3] [4] [5]
[6] [7]
LaTeX Font Info:    Try loading font information for TS1+ptm on input line 775.

 (/usr/local/texlive/2019/texmf-dist/tex/latex/psnfss/ts1ptm.fd
File: ts1ptm.fd 2001/06/04 font definitions for TS1/ptm.
)
LaTeX Font Info:    Font shape `T1/pcr/m/it' in size <10> not available
(Font)              Font shape `T1/pcr/m/sl' tried instead on input line 777.

[8]
Underfull \hbox (badness 10000) in paragraph at lines 832--832
[]\T1/ptm/m/it/10 username\T1/ptm/m/n/10 , \T1/ptm/m/it/10 project=None\T1/ptm/
m/n/10 , \T1/ptm/m/it/10 dds_directory: Op-
 []


Underfull \hbox (badness 5756) in paragraph at lines 832--832
\T1/ptm/m/it/10 tional[pathlib.Path] = None\T1/ptm/m/n/10 , \T1/ptm/m/it/10 met
hod: Op-tional[str] =
 []

[9] [10] [11]
Underfull \hbox (badness 10000) in paragraph at lines 1208--1208
[]\T1/ptm/m/it/10 attempted_method\T1/ptm/m/n/10 , \T1/ptm/m/it/10 mes-
 []

[12]
LaTeX Font Info:    Try loading font information for TS1+pcr on input line 1.
 (/usr/local/texlive/2019/texmf-dist/tex/latex/psnfss/ts1pcr.fd
File: ts1pcr.fd 2001/06/04 font definitions for TS1/pcr.
)
LaTeX Font Info:    Font shape `TS1/pcr/bx/n' in size <10> not available
(Font)              Font shape `TS1/pcr/b/n' tried instead on input line 1.
 [13]
[14]
Underfull \hbox (badness 10000) in paragraph at lines 1603--1603
[]\T1/ptm/m/it/10 get_all\T1/ptm/m/n/10 , \T1/ptm/m/it/10 user_input\T1/ptm/m/n
/10 , \T1/ptm/m/it/10 to-
 []


Underfull \hbox (badness 10000) in paragraph at lines 1603--1603
\T1/ptm/m/it/10 ken\T1/ptm/m/n/10 , \T1/ptm/m/it/10 project\T1/ptm/m/n/10 , \T1
/ptm/m/it/10 des-ti-na-
 []

[15] [16] [17] [18] [19] [20

]
Chapter 2.
[21] [22

] [23


] (./datadeliverysystem.ind [24


]
Underfull \hbox (badness 10000) in paragraph at lines 36--37
[]\T1/pcr/m/n/10 --principal-investigator
 []


Underfull \hbox (badness 10000) in paragraph at lines 72--74
[]| \T1/pcr/m/n/10 dds-auth-login command line option\T1/ptm/m/n/10 ,
 []

[25

]
Underfull \hbox (badness 10000) in paragraph at lines 127--129
[]| \T1/pcr/m/n/10 dds-auth-login command line option\T1/ptm/m/n/10 ,
 []


Underfull \hbox (badness 10000) in paragraph at lines 142--144
[]\T1/pcr/m/n/10 add_file_db() \T1/ptm/m/n/10 (\T1/ptm/m/it/10 dds_cli.data_put
ter.DataPutter
 []


Underfull \hbox (badness 10000) in paragraph at lines 144--145
[]\T1/pcr/m/n/10 add_user() \T1/ptm/m/n/10 (\T1/ptm/m/it/10 dds_cli.account_add
er.AccountAdder
 []


Underfull \hbox (badness 5817) in paragraph at lines 145--147
[]\T1/pcr/m/n/10 algorithm \T1/ptm/m/n/10 (\T1/ptm/m/it/10 dds_cli.file_compres
sor.Compressor at-
 []


Underfull \hbox (badness 10000) in paragraph at lines 150--152
[]\T1/pcr/m/n/10 append_errors_to_file()
 []


Underfull \hbox (badness 10000) in paragraph at lines 150--152
\T1/ptm/m/n/10 (\T1/ptm/m/it/10 dds_cli.file_handler.FileHandler static
 []


Underfull \hbox (badness 5711) in paragraph at lines 162--164
[]\T1/pcr/m/n/10 bucketname \T1/ptm/m/n/10 (\T1/ptm/m/it/10 dds_cli.s3_connecto
r.S3Connector at-
 []


Underfull \hbox (badness 10000) in paragraph at lines 170--172
[]\T1/pcr/m/n/10 cancel_all() \T1/ptm/m/n/10 (\T1/ptm/m/it/10 dds_cli.status.De
liveryStatus class
 []


Underfull \hbox (badness 10000) in paragraph at lines 172--174
[]\T1/pcr/m/n/10 cancel_one() \T1/ptm/m/n/10 (\T1/ptm/m/it/10 dds_cli.status.De
liveryStatus class
 []


Underfull \hbox (badness 10000) in paragraph at lines 175--177
[]\T1/pcr/m/n/10 check_previous_upload()
 []


Underfull \hbox (badness 10000) in paragraph at lines 175--177
\T1/ptm/m/n/10 (\T1/ptm/m/it/10 dds_cli.file_handler_local.LocalFileHandler
 []


Underfull \hbox (badness 10000) in paragraph at lines 177--179
[]\T1/pcr/m/n/10 check_token_file_permissions()
 []


Overfull \hbox (10.16074pt too wide) in paragraph at lines 179--181
[]\T1/pcr/m/n/10 compress_file() \T1/ptm/m/n/10 (\T1/ptm/m/it/10 dds_cli.file_c
ompressor.Compressor
 []


Underfull \hbox (badness 10000) in paragraph at lines 181--182
[]\T1/pcr/m/n/10 CompressionMagic \T1/ptm/m/n/10 (\T1/ptm/m/it/10 class in
 []


Underfull \hbox (badness 10000) in paragraph at lines 183--184
[]\T1/pcr/m/n/10 connect() \T1/ptm/m/n/10 (\T1/ptm/m/it/10 dds_cli.s3_connector
.S3Connector
 []


Underfull \hbox (badness 10000) in paragraph at lines 184--186
[]\T1/pcr/m/n/10 create_download_status_dict()
 []


Overfull \hbox (6.90053pt too wide) in paragraph at lines 184--186
\T1/ptm/m/n/10 (\T1/ptm/m/it/10 dds_cli.file_handler_remote.RemoteFileHandler
 []


Underfull \hbox (badness 10000) in paragraph at lines 186--188
[]\T1/pcr/m/n/10 create_encrypted_name()
 []


Underfull \hbox (badness 10000) in paragraph at lines 186--188
\T1/ptm/m/n/10 (\T1/ptm/m/it/10 dds_cli.file_handler_local.LocalFileHandler
 []


Overfull \hbox (26.37035pt too wide) in paragraph at lines 189--191
[]\T1/pcr/m/n/10 create_project() \T1/ptm/m/n/10 (\T1/ptm/m/it/10 dds_cli.proje
ct_creator.ProjectCreator
 []

[26]
Underfull \hbox (badness 10000) in paragraph at lines 191--193
[]\T1/pcr/m/n/10 create_summary_table()
 []


Underfull \hbox (badness 10000) in paragraph at lines 191--193
\T1/ptm/m/n/10 (\T1/ptm/m/it/10 dds_cli.file_handler.FileHandler static
 []


Underfull \hbox (badness 10000) in paragraph at lines 193--195
[]\T1/pcr/m/n/10 create_upload_status_dict()
 []


Underfull \hbox (badness 10000) in paragraph at lines 193--195
\T1/ptm/m/n/10 (\T1/ptm/m/it/10 dds_cli.file_handler_local.LocalFileHandler
 []


Underfull \hbox (badness 10000) in paragraph at lines 199--200
[]\T1/pcr/m/n/10 DARKCYAN \T1/ptm/m/n/10 (\T1/ptm/m/it/10 dds_cli.text_handler.
StringFormat at-
 []


Underfull \hbox (badness 10000) in paragraph at lines 282--284
[]| \T1/pcr/m/n/10 --principal-investigator
 []


Underfull \hbox (badness 10000) in paragraph at lines 307--309
[]| \T1/pcr/m/n/10 --source-path-file
 []

[27]
Underfull \hbox (badness 10000) in paragraph at lines 346--348
[]| \T1/pcr/m/n/10 --source-path-file
 []


Underfull \hbox (badness 10000) in paragraph at lines 375--377
[]\T1/pcr/m/n/10 decompress_filechunks()
 []


Underfull \hbox (badness 10000) in paragraph at lines 375--377
\T1/ptm/m/n/10 (\T1/ptm/m/it/10 dds_cli.file_compressor.Compressor static
 []


Underfull \hbox (badness 10000) in paragraph at lines 377--379
[]\T1/pcr/m/n/10 decrypt_file() \T1/ptm/m/n/10 (\T1/ptm/m/it/10 dds_cli.file_en
cryptor.Decryptor
 []


Overfull \hbox (1.4511pt too wide) in paragraph at lines 380--382
[]\T1/pcr/m/n/10 delete_tempdir() \T1/ptm/m/n/10 (\T1/ptm/m/it/10 dds_cli.file_
handler.FileHandler
 []


Underfull \hbox (badness 10000) in paragraph at lines 382--384
[]\T1/pcr/m/n/10 delete_tempfile()
 []


Underfull \hbox (badness 10000) in paragraph at lines 382--384
\T1/ptm/m/n/10 (\T1/ptm/m/it/10 dds_cli.data_remover.DataRemover static
 []


Underfull \hbox (badness 10000) in paragraph at lines 386--388
[]\T1/pcr/m/n/10 download_and_verify()
 []


Underfull \hbox (badness 10000) in paragraph at lines 386--388
\T1/ptm/m/n/10 (\T1/ptm/m/it/10 dds_cli.data_getter.DataGetter method\T1/ptm/m/
n/10 ),
 []


Underfull \hbox (badness 10000) in paragraph at lines 393--395
[]\T1/pcr/m/n/10 encrypt_filechunks()
 []


Underfull \hbox (badness 10000) in paragraph at lines 393--395
\T1/ptm/m/n/10 (\T1/ptm/m/it/10 dds_cli.file_encryptor.Encryptor method\T1/ptm/
m/n/10 ),
 []


Underfull \hbox (badness 5817) in paragraph at lines 409--411
[]\T1/pcr/m/n/10 fmt_magic \T1/ptm/m/n/10 (\T1/ptm/m/it/10 dds_cli.file_compres
sor.Compressor at-
 []


Underfull \hbox (badness 10000) in paragraph at lines 414--416
[]\T1/pcr/m/n/10 format_columns() \T1/ptm/m/n/10 (\T1/ptm/m/it/10 dds_cli.data_
lister.DataLister
 []


Underfull \hbox (badness 10000) in paragraph at lines 416--418
[]\T1/pcr/m/n/10 format_tabs() \T1/ptm/m/n/10 (\T1/ptm/m/it/10 dds_cli.text_han
dler.TextHandler
 []


Underfull \hbox (badness 10000) in paragraph at lines 421--423
[]\T1/pcr/m/n/10 generate_bucket_filepath()
 []


Underfull \hbox (badness 10000) in paragraph at lines 421--423
\T1/ptm/m/n/10 (\T1/ptm/m/it/10 dds_cli.file_handler_local.LocalFileHandler
 []


Underfull \hbox (badness 10000) in paragraph at lines 423--425
[]\T1/pcr/m/n/10 generate_shared_key()
 []


Underfull \hbox (badness 10000) in paragraph at lines 423--425
\T1/ptm/m/n/10 (\T1/ptm/m/it/10 dds_cli.file_encryptor.ECDHKeyHandler
 []

[28]
Underfull \hbox (badness 10000) in paragraph at lines 427--429
[]\T1/pcr/m/n/10 get_public_component_hex()
 []


Underfull \hbox (badness 10000) in paragraph at lines 427--429
\T1/ptm/m/n/10 (\T1/ptm/m/it/10 dds_cli.file_encryptor.ECDHKeyHandler
 []


Underfull \hbox (badness 6876) in paragraph at lines 430--432
[]\T1/pcr/m/n/10 GZIP \T1/ptm/m/n/10 (\T1/ptm/m/it/10 dds_cli.file_compressor.C
ompressionMagic at-
 []


Overfull \hbox (10.16074pt too wide) in paragraph at lines 441--443
[]\T1/pcr/m/n/10 is_compressed() \T1/ptm/m/n/10 (\T1/ptm/m/it/10 dds_cli.file_c
ompressor.Compressor
 []


Underfull \hbox (badness 10000) in paragraph at lines 451--452
[]\T1/pcr/m/n/10 list_files() \T1/ptm/m/n/10 (\T1/ptm/m/it/10 dds_cli.data_list
er.DataLister
 []


Underfull \hbox (badness 10000) in paragraph at lines 454--456
[]\T1/pcr/m/n/10 list_projects() \T1/ptm/m/n/10 (\T1/ptm/m/it/10 dds_cli.data_l
ister.DataLister
 []


Underfull \hbox (badness 10000) in paragraph at lines 456--458
[]\T1/pcr/m/n/10 list_recursive() \T1/ptm/m/n/10 (\T1/ptm/m/it/10 dds_cli.data_
lister.DataLister
 []


Underfull \hbox (badness 10000) in paragraph at lines 458--459
[]\T1/pcr/m/n/10 list_users() \T1/ptm/m/n/10 (\T1/ptm/m/it/10 dds_cli.data_list
er.DataLister
 []


Underfull \hbox (badness 10000) in paragraph at lines 459--461
[]\T1/pcr/m/n/10 LocalFileHandler \T1/ptm/m/n/10 (\T1/ptm/m/it/10 class in
 []


Underfull \hbox (badness 6876) in paragraph at lines 462--464
[]\T1/pcr/m/n/10 LZIP \T1/ptm/m/n/10 (\T1/ptm/m/it/10 dds_cli.file_compressor.C
ompressionMagic at-
 []


Underfull \hbox (badness 5711) in paragraph at lines 505--507
[]\T1/pcr/m/n/10 project_id \T1/ptm/m/n/10 (\T1/ptm/m/it/10 dds_cli.s3_connecto
r.S3Connector at-
 []


Underfull \hbox (badness 10000) in paragraph at lines 508--510
[]\T1/pcr/m/n/10 protect_and_upload()
 []


Underfull \hbox (badness 10000) in paragraph at lines 508--510
\T1/ptm/m/n/10 (\T1/ptm/m/it/10 dds_cli.data_putter.DataPutter method\T1/ptm/m/
n/10 ),
 []


Overfull \hbox (29.68085pt too wide) in paragraph at lines 510--512
[]\T1/pcr/m/n/10 public_to_hex() \T1/ptm/m/n/10 (\T1/ptm/m/it/10 dds_cli.file_e
ncryptor.ECDHKeyHandler
 []


Underfull \hbox (badness 6859) in paragraph at lines 518--520
[]\T1/pcr/m/n/10 RAR4 \T1/ptm/m/n/10 (\T1/ptm/m/it/10 dds_cli.file_compressor.C
ompressionMagic at-
 []


Underfull \hbox (badness 6859) in paragraph at lines 520--522
[]\T1/pcr/m/n/10 RAR5 \T1/ptm/m/n/10 (\T1/ptm/m/it/10 dds_cli.file_compressor.C
ompressionMagic at-
 []


Overfull \hbox (20.34059pt too wide) in paragraph at lines 522--524
[]\T1/pcr/m/n/10 read_file() \T1/ptm/m/n/10 (\T1/ptm/m/it/10 dds_cli.file_handl
er_local.LocalFileHandler
 []


Underfull \hbox (badness 10000) in paragraph at lines 526--528
[]\T1/pcr/m/n/10 RemoteFileHandler \T1/ptm/m/n/10 (\T1/ptm/m/it/10 class in
 []


Underfull \hbox (badness 10000) in paragraph at lines 528--529
[]\T1/pcr/m/n/10 removal_spinner() \T1/ptm/m/n/10 (\T1/ptm/m/it/10 in mod-ule
 []


Underfull \hbox (badness 10000) in paragraph at lines 529--531
[]\T1/pcr/m/n/10 remove_all() \T1/ptm/m/n/10 (\T1/ptm/m/it/10 dds_cli.data_remo
ver.DataRemover
 []

[29]
Overfull \hbox (9.20111pt too wide) in paragraph at lines 535--537
[]\T1/pcr/m/n/10 remove_folder() \T1/ptm/m/n/10 (\T1/ptm/m/it/10 dds_cli.data_r
emover.DataRemover
 []


Underfull \hbox (badness 10000) in paragraph at lines 537--538
[]\T1/pcr/m/n/10 REMOVE_PROJ_CONT \T1/ptm/m/n/10 (\T1/ptm/m/it/10 dds_cli.DDSEn
dpoint at-
 []


Underfull \hbox (badness 10000) in paragraph at lines 538--539
[]\T1/pcr/m/n/10 resource \T1/ptm/m/n/10 (\T1/ptm/m/it/10 dds_cli.s3_connector.
S3Connector at-
 []


Underfull \hbox (badness 10000) in paragraph at lines 545--547
[]\T1/pcr/m/n/10 safespring_project
 []


Underfull \hbox (badness 10000) in paragraph at lines 548--549
[]\T1/pcr/m/n/10 SEGMENT_SIZE_CIPHER \T1/ptm/m/n/10 (\T1/ptm/m/it/10 dds_cli.Fi
leSegment at-
 []


Underfull \hbox (badness 10000) in paragraph at lines 550--552
[]\T1/pcr/m/n/10 sort_projects() \T1/ptm/m/n/10 (\T1/ptm/m/it/10 dds_cli.data_l
ister.DataLister
 []


Underfull \hbox (badness 10000) in paragraph at lines 552--554
[]\T1/pcr/m/n/10 stream_from_file()
 []


Underfull \hbox (badness 10000) in paragraph at lines 552--554
\T1/ptm/m/n/10 (\T1/ptm/m/it/10 dds_cli.file_handler_local.LocalFileHandler
 []


Underfull \hbox (badness 10000) in paragraph at lines 555--556
[]\T1/pcr/m/n/10 subpath_required() \T1/ptm/m/n/10 (\T1/ptm/m/it/10 in mod-ule
 []


Underfull \hbox (badness 10000) in paragraph at lines 573--575
[]\T1/pcr/m/n/10 UNDERLINE \T1/ptm/m/n/10 (\T1/ptm/m/it/10 dds_cli.text_handler
.StringFormat at-
 []


Underfull \hbox (badness 10000) in paragraph at lines 575--576
[]\T1/pcr/m/n/10 update_db() \T1/ptm/m/n/10 (\T1/ptm/m/it/10 dds_cli.data_gette
r.DataGetter
 []


Underfull \hbox (badness 10000) in paragraph at lines 576--577
[]\T1/pcr/m/n/10 update_status() \T1/ptm/m/n/10 (\T1/ptm/m/it/10 in mod-ule
 []


Underfull \hbox (badness 10000) in paragraph at lines 577--579
[]\T1/pcr/m/n/10 UPLOAD_STATUS \T1/ptm/m/n/10 (\T1/ptm/m/it/10 dds_cli.status.D
eliveryStatus at-
 []


Underfull \hbox (badness 10000) in paragraph at lines 587--589
[]\T1/pcr/m/n/10 verify_checksum()
 []


Underfull \hbox (badness 10000) in paragraph at lines 587--589
\T1/ptm/m/n/10 (\T1/ptm/m/it/10 dds_cli.file_encryptor.Encryptor static
 []


Underfull \hbox (badness 10000) in paragraph at lines 589--590
[]\T1/pcr/m/n/10 verify_proceed() \T1/ptm/m/n/10 (\T1/ptm/m/it/10 in mod-ule
 []


Overfull \hbox (40.80055pt too wide) in paragraph at lines 593--595
[]\T1/pcr/m/n/10 write_file() \T1/ptm/m/n/10 (\T1/ptm/m/it/10 dds_cli.file_hand
ler_remote.RemoteFileHandler
 []


Overfull \hbox (3.49994pt too wide) in paragraph at lines 602--604
[]\T1/pcr/m/n/10 ZSTANDARD \T1/ptm/m/n/10 (\T1/ptm/m/it/10 dds_cli.file_compres
sor.CompressionMagic
 []

[30])
Package atveryend Info: Empty hook `BeforeClearDocument' on input line 2303.
Package atveryend Info: Empty hook `AfterLastShipout' on input line 2303.
 (./datadeliverysystem.aux)
Package atveryend Info: Executing hook `AtVeryEndDocument' on input line 2303.
Package atveryend Info: Executing hook `AtEndAfterFileList' on input line 2303.

Package rerunfilecheck Info: File `datadeliverysystem.out' has not changed.
(rerunfilecheck)             Checksum: 4B4B36F028D0B000390E652DED667D73;745.
Package atveryend Info: Empty hook `AtVeryVeryEnd' on input line 2303.
 ) 
Here is how much of TeX's memory you used:
 14123 strings out of 492616
 205470 string characters out of 6129481
 308591 words of memory out of 5000000
 17456 multiletter control sequences out of 15000+600000
 50385 words of font info for 74 fonts, out of 8000000 for 9000
 1142 hyphenation exceptions out of 8191
 37i,12n,48p,1569b,516s stack positions out of 5000i,500n,10000p,200000b,80000s
{/usr/local/texlive/2019/texmf-dist/fonts/enc/dvips/base/8r.enc}</usr/local/t
exlive/2019/texmf-dist/fonts/type1/public/amsfonts/cm/cmsy10.pfb></usr/local/te
xlive/2019/texmf-dist/fonts/type1/urw/courier/ucrb8a.pfb></usr/local/texlive/20
19/texmf-dist/fonts/type1/urw/courier/ucrr8a.pfb></usr/local/texlive/2019/texmf
-dist/fonts/type1/urw/courier/ucrro8a.pfb></usr/local/texlive/2019/texmf-dist/f
onts/type1/urw/helvetic/uhvb8a.pfb></usr/local/texlive/2019/texmf-dist/fonts/ty
pe1/urw/helvetic/uhvr8a.pfb></usr/local/texlive/2019/texmf-dist/fonts/type1/urw
/times/utmb8a.pfb></usr/local/texlive/2019/texmf-dist/fonts/type1/urw/times/utm
r8a.pfb></usr/local/texlive/2019/texmf-dist/fonts/type1/urw/times/utmri8a.pfb>
Output written on datadeliverysystem.pdf (34 pages, 184227 bytes).
PDF statistics:
 931 PDF objects out of 1000 (max. 8388607)
 872 compressed objects within 9 object streams
 280 named destinations out of 1000 (max. 500000)
 77 words of extra memory for PDF output out of 10000 (max. 10000000)

